<?xml version="1.0" encoding="UTF-8"?>
<!-- Generated by org.testng.reporters.JUnitReportReporter -->
<testsuite hostname="DESKTOP-FD7ROMO" failures="0" tests="1" name="webmath.com.test.PlotGeometryPageTest" time="9.430" errors="0" timestamp="10 Jun 2023 14:56:18 GMT" skipped="0">
  <testcase classname="webmath.com.test.PlotGeometryPageTest" name="validatePlotGeometryText" time="9.430"/>
</testsuite> <!-- webmath.com.test.PlotGeometryPageTest -->
