<?xml version="1.0" encoding="UTF-8"?>
<!-- Generated by org.testng.reporters.JUnitReportReporter -->
<testsuite hostname="DESKTOP-FD7ROMO" failures="0" tests="1" name="webmath.com.test.TwoPointPageTest" time="10.212" errors="0" timestamp="22 Jun 2023 04:30:20 GMT" skipped="0">
  <testcase classname="webmath.com.test.TwoPointPageTest" name="fillInThePoints" time="10.212"/>
</testsuite> <!-- webmath.com.test.TwoPointPageTest -->
