<?xml version="1.0" encoding="UTF-8"?>
<!-- Generated by org.testng.reporters.JUnitReportReporter -->
<testsuite hostname="DESKTOP-FD7ROMO" failures="0" tests="1" name="webmath.com.test.HomePageTest" time="9.325" errors="0" timestamp="22 Jun 2023 03:34:19 GMT" skipped="0">
  <testcase classname="webmath.com.test.HomePageTest" name="validateSelectedDropdown" time="9.325"/>
</testsuite> <!-- webmath.com.test.HomePageTest -->
